0 info it worked if it ends with ok
1 verbose cli [ '/usr/local/bin/node',
1 verbose cli   '/usr/local/bin/npm',
1 verbose cli   'install',
1 verbose cli   '--save' ]
2 info using npm@2.10.1
3 info using node@v0.12.4
4 verbose node symlink /usr/local/bin/node
5 verbose readDependencies loading dependencies from /Users/hectorpalmatellez/sites/pudu-bot/package.json
6 verbose install where, deps [ '/Users/hectorpalmatellez/sites/pudu-bot',
6 verbose install   [ 'cheerio',
6 verbose install     'hubot',
6 verbose install     'hubot-caniuse',
6 verbose install     'hubot-cpf',
6 verbose install     'hubot-diagnostics',
6 verbose install     'hubot-google-images',
6 verbose install     'hubot-help',
6 verbose install     'hubot-heroku-keepalive',
6 verbose install     'hubot-insulter',
6 verbose install     'hubot-maps',
6 verbose install     'hubot-numbersapi',
6 verbose install     'hubot-pugme',
6 verbose install     'hubot-qr',
6 verbose install     'hubot-rae',
6 verbose install     'hubot-redis-brain',
6 verbose install     'hubot-rules',
6 verbose install     'hubot-scripts',
6 verbose install     'hubot-shipit',
6 verbose install     'hubot-slack',
6 verbose install     'hubot-soon',
6 verbose install     'jquery',
6 verbose install     'jsdom',
6 verbose install     'moment',
6 verbose install     'superheroes' ] ]
7 verbose install where, peers [ '/Users/hectorpalmatellez/sites/pudu-bot', [] ]
8 verbose installManyTop reading for lifecycle /Users/hectorpalmatellez/sites/pudu-bot/package.json
9 info preinstall Pudu@1.0.0
10 verbose installManyTop reading scoped package data from /Users/hectorpalmatellez/sites/pudu-bot/node_modules/cheerio/package.json
11 verbose installManyTop reading scoped package data from /Users/hectorpalmatellez/sites/pudu-bot/node_modules/hubot/package.json
12 verbose installManyTop reading scoped package data from /Users/hectorpalmatellez/sites/pudu-bot/node_modules/hubot-caniuse/package.json
13 verbose installManyTop reading scoped package data from /Users/hectorpalmatellez/sites/pudu-bot/node_modules/hubot-cpf/package.json
14 verbose installManyTop reading scoped package data from /Users/hectorpalmatellez/sites/pudu-bot/node_modules/hubot-diagnostics/package.json
15 verbose installManyTop reading scoped package data from /Users/hectorpalmatellez/sites/pudu-bot/node_modules/hubot-google-images/package.json
16 verbose installManyTop reading scoped package data from /Users/hectorpalmatellez/sites/pudu-bot/node_modules/hubot-google-translate/package.json
17 verbose installManyTop reading scoped package data from /Users/hectorpalmatellez/sites/pudu-bot/node_modules/hubot-help/package.json
18 verbose installManyTop reading scoped package data from /Users/hectorpalmatellez/sites/pudu-bot/node_modules/hubot-heroku-keepalive/package.json
19 verbose installManyTop reading scoped package data from /Users/hectorpalmatellez/sites/pudu-bot/node_modules/hubot-insulter/package.json
20 verbose installManyTop reading scoped package data from /Users/hectorpalmatellez/sites/pudu-bot/node_modules/hubot-maps/package.json
21 verbose installManyTop reading scoped package data from /Users/hectorpalmatellez/sites/pudu-bot/node_modules/hubot-pugme/package.json
22 verbose installManyTop reading scoped package data from /Users/hectorpalmatellez/sites/pudu-bot/node_modules/hubot-qr/package.json
23 verbose installManyTop reading scoped package data from /Users/hectorpalmatellez/sites/pudu-bot/node_modules/hubot-rae/package.json
24 verbose installManyTop reading scoped package data from /Users/hectorpalmatellez/sites/pudu-bot/node_modules/hubot-redis-brain/package.json
25 verbose installManyTop reading scoped package data from /Users/hectorpalmatellez/sites/pudu-bot/node_modules/hubot-rules/package.json
26 verbose installManyTop reading scoped package data from /Users/hectorpalmatellez/sites/pudu-bot/node_modules/hubot-scripts/package.json
27 verbose installManyTop reading scoped package data from /Users/hectorpalmatellez/sites/pudu-bot/node_modules/hubot-shipit/package.json
28 verbose installManyTop reading scoped package data from /Users/hectorpalmatellez/sites/pudu-bot/node_modules/hubot-slack/package.json
29 verbose installManyTop reading scoped package data from /Users/hectorpalmatellez/sites/pudu-bot/node_modules/hubot-soon/package.json
30 verbose installManyTop reading scoped package data from /Users/hectorpalmatellez/sites/pudu-bot/node_modules/hubot-youtube/package.json
31 verbose installManyTop reading scoped package data from /Users/hectorpalmatellez/sites/pudu-bot/node_modules/jquery/package.json
32 verbose installManyTop reading scoped package data from /Users/hectorpalmatellez/sites/pudu-bot/node_modules/jsdom/package.json
33 verbose installManyTop reading scoped package data from /Users/hectorpalmatellez/sites/pudu-bot/node_modules/moment/package.json
34 verbose installManyTop reading scoped package data from /Users/hectorpalmatellez/sites/pudu-bot/node_modules/superheroes/package.json
35 info package.json hubot@2.12.0 No license field.
36 info package.json hubot-scripts@2.5.16 No license field.
37 info package.json hubot-slack@3.3.0 No license field.
38 info package.json jquery@2.1.4 No license field.
39 info package.json jsdom@3.1.2 license should be a valid SPDX license expression
40 info package.json moment@2.10.3 No license field.
41 verbose readDependencies loading dependencies from /Users/hectorpalmatellez/sites/pudu-bot/package.json
42 verbose targetResolver reading package data from /Users/hectorpalmatellez/sites/pudu-bot/node_modules/cheerio/package.json
43 verbose targetResolver reading package data from /Users/hectorpalmatellez/sites/pudu-bot/node_modules/hubot/package.json
44 verbose targetResolver reading package data from /Users/hectorpalmatellez/sites/pudu-bot/node_modules/hubot-caniuse/package.json
45 verbose targetResolver reading package data from /Users/hectorpalmatellez/sites/pudu-bot/node_modules/hubot-cpf/package.json
46 verbose targetResolver reading package data from /Users/hectorpalmatellez/sites/pudu-bot/node_modules/hubot-diagnostics/package.json
47 verbose targetResolver reading package data from /Users/hectorpalmatellez/sites/pudu-bot/node_modules/hubot-google-images/package.json
48 verbose targetResolver reading package data from /Users/hectorpalmatellez/sites/pudu-bot/node_modules/hubot-google-translate/package.json
49 verbose targetResolver reading package data from /Users/hectorpalmatellez/sites/pudu-bot/node_modules/hubot-help/package.json
50 verbose targetResolver reading package data from /Users/hectorpalmatellez/sites/pudu-bot/node_modules/hubot-heroku-keepalive/package.json
51 verbose targetResolver reading package data from /Users/hectorpalmatellez/sites/pudu-bot/node_modules/hubot-insulter/package.json
52 verbose targetResolver reading package data from /Users/hectorpalmatellez/sites/pudu-bot/node_modules/hubot-maps/package.json
53 verbose targetResolver reading package data from /Users/hectorpalmatellez/sites/pudu-bot/node_modules/hubot-pugme/package.json
54 verbose targetResolver reading package data from /Users/hectorpalmatellez/sites/pudu-bot/node_modules/hubot-qr/package.json
55 verbose targetResolver reading package data from /Users/hectorpalmatellez/sites/pudu-bot/node_modules/hubot-rae/package.json
56 verbose targetResolver reading package data from /Users/hectorpalmatellez/sites/pudu-bot/node_modules/hubot-redis-brain/package.json
57 verbose targetResolver reading package data from /Users/hectorpalmatellez/sites/pudu-bot/node_modules/hubot-rules/package.json
58 verbose targetResolver reading package data from /Users/hectorpalmatellez/sites/pudu-bot/node_modules/hubot-scripts/package.json
59 verbose targetResolver reading package data from /Users/hectorpalmatellez/sites/pudu-bot/node_modules/hubot-shipit/package.json
60 verbose targetResolver reading package data from /Users/hectorpalmatellez/sites/pudu-bot/node_modules/hubot-slack/package.json
61 verbose targetResolver reading package data from /Users/hectorpalmatellez/sites/pudu-bot/node_modules/hubot-soon/package.json
62 verbose targetResolver reading package data from /Users/hectorpalmatellez/sites/pudu-bot/node_modules/hubot-youtube/package.json
63 verbose targetResolver reading package data from /Users/hectorpalmatellez/sites/pudu-bot/node_modules/jquery/package.json
64 verbose targetResolver reading package data from /Users/hectorpalmatellez/sites/pudu-bot/node_modules/jsdom/package.json
65 verbose targetResolver reading package data from /Users/hectorpalmatellez/sites/pudu-bot/node_modules/moment/package.json
66 verbose targetResolver reading package data from /Users/hectorpalmatellez/sites/pudu-bot/node_modules/superheroes/package.json
67 verbose targetResolver reading package data from /Users/hectorpalmatellez/sites/pudu-bot/node_modules/.bin/hubot/package.json
68 verbose targetResolver reading package data from /Users/hectorpalmatellez/sites/pudu-bot/node_modules/.bin/superheroes/package.json
69 verbose already installed skipping hubot-google-images@^0.1.4 /Users/hectorpalmatellez/sites/pudu-bot
70 verbose already installed skipping hubot-help@^0.1.1 /Users/hectorpalmatellez/sites/pudu-bot
71 verbose already installed skipping hubot-heroku-keepalive@0.0.4 /Users/hectorpalmatellez/sites/pudu-bot
72 verbose already installed skipping hubot-insulter@^1.0.2 /Users/hectorpalmatellez/sites/pudu-bot
73 verbose already installed skipping hubot-maps@0.0.2 /Users/hectorpalmatellez/sites/pudu-bot
74 silly cache add args [ 'hubot-numbersapi@^1.0.1', null ]
75 verbose cache add spec hubot-numbersapi@^1.0.1
76 silly cache add parsed spec { raw: 'hubot-numbersapi@^1.0.1',
76 silly cache add   scope: null,
76 silly cache add   name: 'hubot-numbersapi',
76 silly cache add   rawSpec: '^1.0.1',
76 silly cache add   spec: '>=1.0.1 <2.0.0',
76 silly cache add   type: 'range' }
77 silly addNamed hubot-numbersapi@>=1.0.1 <2.0.0
78 verbose addNamed ">=1.0.1 <2.0.0" is a valid semver range for hubot-numbersapi
79 silly addNameRange { name: 'hubot-numbersapi',
79 silly addNameRange   range: '>=1.0.1 <2.0.0',
79 silly addNameRange   hasData: false }
80 silly mapToRegistry name hubot-numbersapi
81 silly mapToRegistry using default registry
82 silly mapToRegistry registry https://registry.npmjs.org/
83 silly mapToRegistry uri https://registry.npmjs.org/hubot-numbersapi
84 verbose addNameRange registry:https://registry.npmjs.org/hubot-numbersapi not in flight; fetching
85 verbose already installed skipping hubot-pugme@^0.1.0 /Users/hectorpalmatellez/sites/pudu-bot
86 verbose already installed skipping hubot-qr@0.0.2 /Users/hectorpalmatellez/sites/pudu-bot
87 verbose request uri https://registry.npmjs.org/hubot-numbersapi
88 verbose request no auth needed
89 info attempt registry request try #1 at 9:55:00 AM
90 verbose request using bearer token for auth
91 verbose request id 0f97b0742e540412
92 verbose etag "11QUM4O0WWP2BI951WQDRQRRH"
93 http request GET https://registry.npmjs.org/hubot-numbersapi
94 verbose already installed skipping hubot-rae@^1.0.4 /Users/hectorpalmatellez/sites/pudu-bot
95 verbose already installed skipping hubot-redis-brain@0.0.2 /Users/hectorpalmatellez/sites/pudu-bot
96 verbose already installed skipping hubot-rules@^0.1.0 /Users/hectorpalmatellez/sites/pudu-bot
97 verbose already installed skipping hubot-scripts@^2.5.16 /Users/hectorpalmatellez/sites/pudu-bot
98 verbose already installed skipping hubot-shipit@^0.2.0 /Users/hectorpalmatellez/sites/pudu-bot
99 verbose already installed skipping hubot-slack@^3.3.0 /Users/hectorpalmatellez/sites/pudu-bot
100 verbose already installed skipping hubot-soon@^1.0.0 /Users/hectorpalmatellez/sites/pudu-bot
101 verbose already installed skipping jquery@^2.1.4 /Users/hectorpalmatellez/sites/pudu-bot
102 verbose already installed skipping jsdom@^3.1.2 /Users/hectorpalmatellez/sites/pudu-bot
103 verbose already installed skipping moment@^2.10.2 /Users/hectorpalmatellez/sites/pudu-bot
104 verbose already installed skipping superheroes@^1.0.0 /Users/hectorpalmatellez/sites/pudu-bot
105 verbose already installed skipping cheerio@^0.19.0 /Users/hectorpalmatellez/sites/pudu-bot
106 verbose already installed skipping hubot@^2.12.0 /Users/hectorpalmatellez/sites/pudu-bot
107 verbose already installed skipping hubot-caniuse@^1.0.3 /Users/hectorpalmatellez/sites/pudu-bot
108 verbose already installed skipping hubot-cpf@^1.0.4 /Users/hectorpalmatellez/sites/pudu-bot
109 verbose already installed skipping hubot-diagnostics@0.0.1 /Users/hectorpalmatellez/sites/pudu-bot
110 http 304 https://registry.npmjs.org/hubot-numbersapi
111 silly get cb [ 304,
111 silly get   { server: 'CouchDB/1.5.0 (Erlang OTP/R16B03)',
111 silly get     etag: '"11QUM4O0WWP2BI951WQDRQRRH"',
111 silly get     'cache-control': 'max-age=60',
111 silly get     'accept-ranges': 'bytes',
111 silly get     date: 'Wed, 10 Jun 2015 13:55:01 GMT',
111 silly get     via: '1.1 varnish',
111 silly get     connection: 'keep-alive',
111 silly get     'x-served-by': 'cache-atl6232-ATL',
111 silly get     'x-cache': 'MISS',
111 silly get     'x-cache-hits': '0',
111 silly get     'x-timer': 'S1433944501.516937,VS0,VE76' } ]
112 verbose etag https://registry.npmjs.org/hubot-numbersapi from cache
113 verbose get saving hubot-numbersapi to /Users/hectorpalmatellez/.npm/registry.npmjs.org/hubot-numbersapi/.cache.json
114 silly addNameRange number 2 { name: 'hubot-numbersapi',
114 silly addNameRange   range: '>=1.0.1 <2.0.0',
114 silly addNameRange   hasData: true }
115 silly addNameRange versions [ 'hubot-numbersapi', [ '1.0.0', '1.0.1' ] ]
116 silly addNamed hubot-numbersapi@1.0.1
117 verbose addNamed "1.0.1" is a plain semver version for hubot-numbersapi
118 silly cache afterAdd hubot-numbersapi@1.0.1
119 verbose afterAdd /Users/hectorpalmatellez/.npm/hubot-numbersapi/1.0.1/package/package.json not in flight; writing
120 verbose afterAdd /Users/hectorpalmatellez/.npm/hubot-numbersapi/1.0.1/package/package.json written
121 silly install resolved [ { name: 'hubot-numbersapi',
121 silly install resolved     description: 'An numbersapi script package for Hubot',
121 silly install resolved     version: '1.0.1',
121 silly install resolved     author: { name: 'Víctor San Martín', email: 'hola@victorsanmartin.com' },
121 silly install resolved     license: 'MIT',
121 silly install resolved     keywords: [ 'hubot', 'hubot-scripts', 'numbersapi', 'api', 'numbers' ],
121 silly install resolved     repository:
121 silly install resolved      { type: 'git',
121 silly install resolved        url: 'git://github.com/quest/hubot-numbersapi.git' },
121 silly install resolved     bugs: { url: 'https://github.com/quest/hubot-numbersapi/issues' },
121 silly install resolved     dependencies: { 'coffee-script': '~1.6' },
121 silly install resolved     devDependencies: { mocha: '*', chai: '*', 'sinon-chai': '*', sinon: '*' },
121 silly install resolved     main: 'index.coffee',
121 silly install resolved     scripts: { test: 'script/test' },
121 silly install resolved     gitHead: '19938dad4572488e10de157826b4388b4faff017',
121 silly install resolved     homepage: 'https://github.com/quest/hubot-numbersapi',
121 silly install resolved     _id: 'hubot-numbersapi@1.0.1',
121 silly install resolved     _shasum: 'eeefbdf4e7d5d90d1cfe3bf2c953c1b494d69a8e',
121 silly install resolved     _from: 'hubot-numbersapi@>=1.0.1 <2.0.0',
121 silly install resolved     _npmVersion: '2.7.4',
121 silly install resolved     _nodeVersion: '0.12.2',
121 silly install resolved     _npmUser: { name: 'victorsanmartin', email: 'questchile@gmail.com' },
121 silly install resolved     dist:
121 silly install resolved      { shasum: 'eeefbdf4e7d5d90d1cfe3bf2c953c1b494d69a8e',
121 silly install resolved        tarball: 'http://registry.npmjs.org/hubot-numbersapi/-/hubot-numbersapi-1.0.1.tgz' },
121 silly install resolved     maintainers: [ [Object] ],
121 silly install resolved     directories: {},
121 silly install resolved     _resolved: 'https://registry.npmjs.org/hubot-numbersapi/-/hubot-numbersapi-1.0.1.tgz',
121 silly install resolved     readme: 'ERROR: No README data found!' } ]
122 info install hubot-numbersapi@1.0.1 into /Users/hectorpalmatellez/sites/pudu-bot
123 info installOne hubot-numbersapi@1.0.1
124 verbose installOne of hubot-numbersapi to /Users/hectorpalmatellez/sites/pudu-bot not in flight; installing
125 warn locking Error: EACCES, open '/Users/hectorpalmatellez/.npm/_locks/hubot-numbersapi-6a90c3e0e18bb4fa.lock'
125 warn locking     at Error (native)
125 warn locking  /Users/hectorpalmatellez/.npm/_locks/hubot-numbersapi-6a90c3e0e18bb4fa.lock failed { [Error: EACCES, open '/Users/hectorpalmatellez/.npm/_locks/hubot-numbersapi-6a90c3e0e18bb4fa.lock']
125 warn locking   errno: -13,
125 warn locking   code: 'EACCES',
125 warn locking   path: '/Users/hectorpalmatellez/.npm/_locks/hubot-numbersapi-6a90c3e0e18bb4fa.lock' }
126 verbose stack Error: Attempt to unlock /Users/hectorpalmatellez/sites/pudu-bot/node_modules/hubot-numbersapi, which hasn't been locked
126 verbose stack     at unlock (/usr/local/lib/node_modules/npm/lib/utils/locker.js:66:11)
126 verbose stack     at cb (/usr/local/lib/node_modules/npm/lib/install.js:1017:5)
126 verbose stack     at /usr/local/lib/node_modules/npm/lib/install.js:1021:20
126 verbose stack     at /usr/local/lib/node_modules/npm/lib/utils/locker.js:40:9
126 verbose stack     at cb (/usr/local/lib/node_modules/npm/node_modules/lockfile/lockfile.js:149:38)
126 verbose stack     at /usr/local/lib/node_modules/npm/node_modules/lockfile/lockfile.js:177:38
126 verbose stack     at FSReqWrap.oncomplete (fs.js:95:15)
127 verbose cwd /Users/hectorpalmatellez/sites/pudu-bot
128 error Darwin 14.3.0
129 error argv "/usr/local/bin/node" "/usr/local/bin/npm" "install" "--save"
130 error node v0.12.4
131 error npm  v2.10.1
132 error Attempt to unlock /Users/hectorpalmatellez/sites/pudu-bot/node_modules/hubot-numbersapi, which hasn't been locked
133 error If you need help, you may report this error at:
133 error     <https://github.com/npm/npm/issues>
134 verbose exit [ 1, true ]
